#-----------------------------------------------------------
# Vivado v2018.2.2 (64-bit)
# SW Build 2348494 on Mon Oct  1 18:25:39 MDT 2018
# IP Build 2318053 on Mon Oct  1 21:44:26 MDT 2018
# Start of session at: Tue Dec 18 11:33:56 2018
# Process ID: 9491
# Current directory: /home/sieber/Arquitecura/Arquitectura2018
# Command line: vivado
# Log file: /home/sieber/Arquitecura/Arquitectura2018/vivado.log
# Journal file: /home/sieber/Arquitecura/Arquitectura2018/vivado.jou
#-----------------------------------------------------------
start_gui
open_project /home/sieber/Arquitecura/Arquitectura2018/TP_UART/TP_UART.xpr
Scanning sources...
Finished scanning sources
INFO: [IP_Flow 19-234] Refreshing IP repositories
INFO: [IP_Flow 19-1704] No user IP repositories specified
INFO: [IP_Flow 19-2313] Loaded Vivado IP repository '/opt/Xilinx/Vivado/2018.2/data/ip'.
update_compile_order -fileset sources_1
set_property SOURCE_SET sources_1 [get_filesets sim_1]
add_files -fileset sim_1 -norecurse /home/sieber/Arquitecura/Arquitectura2018/TP_UART/TP_UART.srcs/sim_1/new/sim_tx.v
update_compile_order -fileset sim_1
set_property top interfaceTestTx [get_filesets sim_1]
set_property top_lib xil_defaultlib [get_filesets sim_1]
update_compile_order -fileset sim_1
move_files [get_files  /home/sieber/Arquitecura/Arquitectura2018/TP_UART/TP_UART.srcs/sources_1/imports/UART/Main.v]
set_property top Main [current_fileset]
update_compile_order -fileset sources_1
launch_simulation
INFO: [Vivado 12-5682] Launching behavioral simulation in '/home/sieber/Arquitecura/Arquitectura2018/TP_UART/TP_UART.sim/sim_1/behav/xsim'
INFO: [SIM-utils-51] Simulation object is 'sim_1'
INFO: [SIM-utils-54] Inspecting design source files for 'interfaceTestTx' in fileset 'sim_1'...
INFO: [USF-XSim-97] Finding global include files...
INFO: [USF-XSim-98] Fetching design files from 'sim_1'...
INFO: [USF-XSim-2] XSim::Compile design
INFO: [USF-XSim-61] Executing 'COMPILE and ANALYZE' step in '/home/sieber/Arquitecura/Arquitectura2018/TP_UART/TP_UART.sim/sim_1/behav/xsim'
xvlog --incr --relax -prj interfaceTestTx_vlog.prj
INFO: [VRFC 10-2263] Analyzing Verilog file "/home/sieber/Arquitecura/Arquitectura2018/TP_UART/TP_UART.srcs/sources_1/imports/UART/tx_interface.v" into library xil_defaultlib
INFO: [VRFC 10-311] analyzing module tx_interface
INFO: [VRFC 10-2263] Analyzing Verilog file "/home/sieber/Arquitecura/Arquitectura2018/TP_UART/TP_UART.srcs/sim_1/new/sim_tx.v" into library xil_defaultlib
INFO: [VRFC 10-311] analyzing module interfaceTestTx
INFO: [VRFC 10-2263] Analyzing Verilog file "/home/sieber/Arquitecura/Arquitectura2018/TP_UART/TP_UART.sim/sim_1/behav/xsim/glbl.v" into library xil_defaultlib
INFO: [VRFC 10-311] analyzing module glbl
INFO: [USF-XSim-69] 'compile' step finished in '2' seconds
INFO: [USF-XSim-3] XSim::Elaborate design
INFO: [USF-XSim-61] Executing 'ELABORATE' step in '/home/sieber/Arquitecura/Arquitectura2018/TP_UART/TP_UART.sim/sim_1/behav/xsim'
Vivado Simulator 2018.2
Copyright 1986-1999, 2001-2018 Xilinx, Inc. All Rights Reserved.
Running: /opt/Xilinx/Vivado/2018.2/bin/unwrapped/lnx64.o/xelab -wto a87186fc4e034a1392b170a9571dd125 --incr --debug typical --relax --mt 8 -L xil_defaultlib -L unisims_ver -L unimacro_ver -L secureip --snapshot interfaceTestTx_behav xil_defaultlib.interfaceTestTx xil_defaultlib.glbl -log elaborate.log 
Using 8 slave threads.
Starting static elaboration
ERROR: [VRFC 10-529] concurrent assignment to a non-net tx_start is not permitted [/home/sieber/Arquitecura/Arquitectura2018/TP_UART/TP_UART.srcs/sim_1/new/sim_tx.v:10]
ERROR: [XSIM 43-3322] Static elaboration of top level Verilog design unit(s) in library work failed.
INFO: [USF-XSim-69] 'elaborate' step finished in '2' seconds
INFO: [USF-XSim-99] Step results log file:'/home/sieber/Arquitecura/Arquitectura2018/TP_UART/TP_UART.sim/sim_1/behav/xsim/elaborate.log'
ERROR: [USF-XSim-62] 'elaborate' step failed with error(s). Please check the Tcl console output or '/home/sieber/Arquitecura/Arquitectura2018/TP_UART/TP_UART.sim/sim_1/behav/xsim/elaborate.log' file for more information.
ERROR: [Vivado 12-4473] Detected error while running simulation. Please correct the issue and retry this operation.
ERROR: [Common 17-39] 'launch_simulation' failed due to earlier errors.
reset_run synth_1
launch_runs impl_1 -jobs 2
[Tue Dec 18 12:14:53 2018] Launched synth_1...
Run output will be captured here: /home/sieber/Arquitecura/Arquitectura2018/TP_UART/TP_UART.runs/synth_1/runme.log
[Tue Dec 18 12:14:53 2018] Launched impl_1...
Run output will be captured here: /home/sieber/Arquitecura/Arquitectura2018/TP_UART/TP_UART.runs/impl_1/runme.log
launch_simulation
INFO: [Vivado 12-5682] Launching behavioral simulation in '/home/sieber/Arquitecura/Arquitectura2018/TP_UART/TP_UART.sim/sim_1/behav/xsim'
INFO: [SIM-utils-51] Simulation object is 'sim_1'
INFO: [SIM-utils-54] Inspecting design source files for 'interfaceTestTx' in fileset 'sim_1'...
INFO: [USF-XSim-97] Finding global include files...
INFO: [USF-XSim-98] Fetching design files from 'sim_1'...
INFO: [USF-XSim-2] XSim::Compile design
INFO: [USF-XSim-61] Executing 'COMPILE and ANALYZE' step in '/home/sieber/Arquitecura/Arquitectura2018/TP_UART/TP_UART.sim/sim_1/behav/xsim'
xvlog --incr --relax -prj interfaceTestTx_vlog.prj
INFO: [VRFC 10-2263] Analyzing Verilog file "/home/sieber/Arquitecura/Arquitectura2018/TP_UART/TP_UART.srcs/sources_1/imports/UART/tx_interface.v" into library xil_defaultlib
INFO: [VRFC 10-311] analyzing module tx_interface
INFO: [VRFC 10-2263] Analyzing Verilog file "/home/sieber/Arquitecura/Arquitectura2018/TP_UART/TP_UART.srcs/sim_1/new/sim_tx.v" into library xil_defaultlib
INFO: [VRFC 10-311] analyzing module interfaceTestTx
INFO: [USF-XSim-69] 'compile' step finished in '3' seconds
INFO: [USF-XSim-3] XSim::Elaborate design
INFO: [USF-XSim-61] Executing 'ELABORATE' step in '/home/sieber/Arquitecura/Arquitectura2018/TP_UART/TP_UART.sim/sim_1/behav/xsim'
Vivado Simulator 2018.2
Copyright 1986-1999, 2001-2018 Xilinx, Inc. All Rights Reserved.
Running: /opt/Xilinx/Vivado/2018.2/bin/unwrapped/lnx64.o/xelab -wto a87186fc4e034a1392b170a9571dd125 --incr --debug typical --relax --mt 8 -L xil_defaultlib -L unisims_ver -L unimacro_ver -L secureip --snapshot interfaceTestTx_behav xil_defaultlib.interfaceTestTx xil_defaultlib.glbl -log elaborate.log 
Using 8 slave threads.
Starting static elaboration
Completed static elaboration
Starting simulation data flow analysis
Completed simulation data flow analysis
Time Resolution for simulation is 1ps
Compiling module xil_defaultlib.tx_interface
Compiling module xil_defaultlib.interfaceTestTx
Compiling module xil_defaultlib.glbl
Built simulation snapshot interfaceTestTx_behav

****** Webtalk v2018.2.2 (64-bit)
  **** SW Build 2348494 on Mon Oct  1 18:25:39 MDT 2018
  **** IP Build 2318053 on Mon Oct  1 21:44:26 MDT 2018
    ** Copyright 1986-2018 Xilinx, Inc. All Rights Reserved.

source /home/sieber/Arquitecura/Arquitectura2018/TP_UART/TP_UART.sim/sim_1/behav/xsim/xsim.dir/interfaceTestTx_behav/webtalk/xsim_webtalk.tcl -notrace
INFO: [Common 17-186] '/home/sieber/Arquitecura/Arquitectura2018/TP_UART/TP_UART.sim/sim_1/behav/xsim/xsim.dir/interfaceTestTx_behav/webtalk/usage_statistics_ext_xsim.xml' has been successfully sent to Xilinx on Tue Dec 18 12:17:19 2018. For additional details about this file, please refer to the WebTalk help file at /opt/Xilinx/Vivado/2018.2/doc/webtalk_introduction.html.
INFO: [Common 17-206] Exiting Webtalk at Tue Dec 18 12:17:19 2018...
run_program: Time (s): cpu = 00:00:03 ; elapsed = 00:00:10 . Memory (MB): peak = 6428.250 ; gain = 0.000 ; free physical = 1106 ; free virtual = 7557
INFO: [USF-XSim-69] 'elaborate' step finished in '10' seconds
INFO: [USF-XSim-4] XSim::Simulate design
INFO: [USF-XSim-61] Executing 'SIMULATE' step in '/home/sieber/Arquitecura/Arquitectura2018/TP_UART/TP_UART.sim/sim_1/behav/xsim'
INFO: [USF-XSim-98] *** Running xsim
   with args "interfaceTestTx_behav -key {Behavioral:sim_1:Functional:interfaceTestTx} -tclbatch {interfaceTestTx.tcl} -log {simulate.log}"
INFO: [USF-XSim-8] Loading simulator feature
Vivado Simulator 2018.2
Time resolution is 1 ps
source interfaceTestTx.tcl
# set curr_wave [current_wave_config]
# if { [string length $curr_wave] == 0 } {
#   if { [llength [get_objects]] > 0} {
#     add_wave /
#     set_property needs_save false [current_wave_config]
#   } else {
#      send_msg_id Add_Wave-1 WARNING "No top level signals found. Simulator will start without a wave window. If you want to open a wave window go to 'File->New Waveform Configuration' or type 'create_wave_config' in the TCL console."
#   }
# }
# run 1000ns
INFO: [USF-XSim-96] XSim completed. Design snapshot 'interfaceTestTx_behav' loaded.
INFO: [USF-XSim-97] XSim simulation ran for 1000ns
launch_simulation: Time (s): cpu = 00:00:10 ; elapsed = 00:00:17 . Memory (MB): peak = 6489.059 ; gain = 60.809 ; free physical = 1059 ; free virtual = 7527
