#-----------------------------------------------------------
# Vivado v2018.2.2 (64-bit)
# SW Build 2348494 on Mon Oct  1 18:25:39 MDT 2018
# IP Build 2318053 on Mon Oct  1 21:44:26 MDT 2018
# Start of session at: Tue Dec 18 11:26:34 2018
# Process ID: 8554
# Current directory: /home/sieber/Arquitecura/Arquitectura2018
# Command line: vivado
# Log file: /home/sieber/Arquitecura/Arquitectura2018/vivado.log
# Journal file: /home/sieber/Arquitecura/Arquitectura2018/vivado.jou
#-----------------------------------------------------------
start_gui
open_project /home/sieber/Arquitecura/Arquitectura2018/TP_UART/TP_UART.xpr
CRITICAL WARNING: [Project 1-19] Could not find the file '/home/sieber/Arquitecura/Arquitectura2018/TP_UART/TP_UART.srcs/sources_1/new/rx_interface.v'.
CRITICAL WARNING: [Project 1-19] Could not find the file '/home/sieber/Arquitecura/Arquitectura2018/TP_UART/TP_UART.srcs/sources_1/new/tx_interface.v'.
Scanning sources...
Finished scanning sources
INFO: [IP_Flow 19-234] Refreshing IP repositories
INFO: [IP_Flow 19-1704] No user IP repositories specified
INFO: [IP_Flow 19-2313] Loaded Vivado IP repository '/opt/Xilinx/Vivado/2018.2/data/ip'.
open_project: Time (s): cpu = 00:00:12 ; elapsed = 00:00:10 . Memory (MB): peak = 6085.598 ; gain = 90.410 ; free physical = 171 ; free virtual = 7486
update_compile_order -fileset sources_1
update_files -from_files /home/sieber/Arquitecura/Arquitectura2018/TP_UART/TP_UART.srcs/sources_1/imports/UART/rx_interface.v -to_files /home/sieber/Arquitecura/Arquitectura2018/TP_UART/TP_UART.srcs/sources_1/new/rx_interface.v -filesets [get_filesets *]
INFO: [filemgmt 20-762] Replacing file '/home/sieber/Arquitecura/Arquitectura2018/TP_UART/TP_UART.srcs/sources_1/new/rx_interface.v' with file '/home/sieber/Arquitecura/Arquitectura2018/TP_UART/TP_UART.srcs/sources_1/imports/UART/rx_interface.v'.
update_files -from_files /home/sieber/Arquitecura/Arquitectura2018/TP_UART/TP_UART.srcs/sources_1/imports/UART/tx_interface.v -to_files /home/sieber/Arquitecura/Arquitectura2018/TP_UART/TP_UART.srcs/sources_1/new/tx_interface.v -filesets [get_filesets *]
INFO: [filemgmt 20-762] Replacing file '/home/sieber/Arquitecura/Arquitectura2018/TP_UART/TP_UART.srcs/sources_1/new/tx_interface.v' with file '/home/sieber/Arquitecura/Arquitectura2018/TP_UART/TP_UART.srcs/sources_1/imports/UART/tx_interface.v'.
reset_run synth_1
launch_runs synth_1 -jobs 2
[Tue Dec 18 11:29:00 2018] Launched synth_1...
Run output will be captured here: /home/sieber/Arquitecura/Arquitectura2018/TP_UART/TP_UART.runs/synth_1/runme.log
exit
INFO: [Common 17-206] Exiting Vivado at Tue Dec 18 11:30:17 2018...
