
*** Running vivado
    with args -log Main.vds -m64 -product Vivado -mode batch -messageDb vivado.pb -notrace -source Main.tcl


****** Vivado v2018.2.2 (64-bit)
  **** SW Build 2348494 on Mon Oct  1 18:25:39 MDT 2018
  **** IP Build 2318053 on Mon Oct  1 21:44:26 MDT 2018
    ** Copyright 1986-2018 Xilinx, Inc. All Rights Reserved.

source Main.tcl -notrace
Command: synth_design -top Main -part xc7a35tcpg236-1
Starting synth_design
Attempting to get a license for feature 'Synthesis' and/or device 'xc7a35t'
INFO: [Common 17-349] Got license for feature 'Synthesis' and/or device 'xc7a35t'
INFO: Launching helper process for spawning children vivado processes
INFO: Helper process launched with PID 14113 
---------------------------------------------------------------------------------
Starting RTL Elaboration : Time (s): cpu = 00:00:02 ; elapsed = 00:00:02 . Memory (MB): peak = 1274.684 ; gain = 82.914 ; free physical = 5562 ; free virtual = 15621
---------------------------------------------------------------------------------
INFO: [Synth 8-6157] synthesizing module 'Main' [/home/sieber/Arquitecura/Arquitectura2018/TP_UART/TP_UART.srcs/sources_1/imports/UART/Main.v:8]
	Parameter size bound to: 8 - type: integer 
INFO: [Synth 8-6157] synthesizing module 'br_generator' [/home/sieber/Arquitecura/Arquitectura2018/TP_UART/TP_UART.srcs/sources_1/imports/UART/br_generator.v:3]
INFO: [Synth 8-6155] done synthesizing module 'br_generator' (1#1) [/home/sieber/Arquitecura/Arquitectura2018/TP_UART/TP_UART.srcs/sources_1/imports/UART/br_generator.v:3]
INFO: [Synth 8-6157] synthesizing module 'rx_module' [/home/sieber/Arquitecura/Arquitectura2018/TP_UART/TP_UART.srcs/sources_1/imports/UART/rx_module.v:22]
	Parameter DBIT bound to: 8 - type: integer 
	Parameter SB_TICK bound to: 16 - type: integer 
	Parameter idle bound to: 2'b00 
	Parameter start bound to: 2'b01 
	Parameter data bound to: 2'b10 
	Parameter stop bound to: 2'b11 
INFO: [Synth 8-6155] done synthesizing module 'rx_module' (2#1) [/home/sieber/Arquitecura/Arquitectura2018/TP_UART/TP_UART.srcs/sources_1/imports/UART/rx_module.v:22]
INFO: [Synth 8-6157] synthesizing module 'rx_interface' [/home/sieber/Arquitecura/Arquitectura2018/TP_UART/TP_UART.srcs/sources_1/imports/UART/rx_interface.v:3]
	Parameter DBIT bound to: 8 - type: integer 
	Parameter idle bound to: 2'b00 
	Parameter receive bound to: 2'b01 
	Parameter transmit bound to: 2'b10 
	Parameter clean bound to: 2'b11 
INFO: [Synth 8-155] case statement is not full and has no default [/home/sieber/Arquitecura/Arquitectura2018/TP_UART/TP_UART.srcs/sources_1/imports/UART/rx_interface.v:47]
INFO: [Synth 8-6155] done synthesizing module 'rx_interface' (3#1) [/home/sieber/Arquitecura/Arquitectura2018/TP_UART/TP_UART.srcs/sources_1/imports/UART/rx_interface.v:3]
INFO: [Synth 8-6157] synthesizing module 'ALU' [/home/sieber/Arquitecura/Arquitectura2018/TP_UART/TP_UART.srcs/sources_1/imports/UART/ALU.v:3]
	Parameter size bound to: 8 - type: integer 
INFO: [Synth 8-6155] done synthesizing module 'ALU' (4#1) [/home/sieber/Arquitecura/Arquitectura2018/TP_UART/TP_UART.srcs/sources_1/imports/UART/ALU.v:3]
INFO: [Synth 8-6157] synthesizing module 'tx_interface' [/home/sieber/Arquitecura/Arquitectura2018/TP_UART/TP_UART.srcs/sources_1/imports/UART/tx_interface.v:3]
	Parameter DBIT bound to: 8 - type: integer 
	Parameter idle bound to: 3'b000 
	Parameter operate bound to: 3'b001 
	Parameter transmit bound to: 3'b010 
	Parameter transmit_reset bound to: 3'b011 
	Parameter transmit_init bound to: 3'b100 
	Parameter negative bound to: 3'b101 
INFO: [Synth 8-155] case statement is not full and has no default [/home/sieber/Arquitecura/Arquitectura2018/TP_UART/TP_UART.srcs/sources_1/imports/UART/tx_interface.v:42]
WARNING: [Synth 8-6014] Unused sequential element dig_reg was removed.  [/home/sieber/Arquitecura/Arquitectura2018/TP_UART/TP_UART.srcs/sources_1/imports/UART/tx_interface.v:65]
WARNING: [Synth 8-5788] Register aux_reg in module tx_interface is has both Set and reset with same priority. This may cause simulation mismatches. Consider rewriting code  [/home/sieber/Arquitecura/Arquitectura2018/TP_UART/TP_UART.srcs/sources_1/imports/UART/tx_interface.v:47]
WARNING: [Synth 8-5788] Register div_reg in module tx_interface is has both Set and reset with same priority. This may cause simulation mismatches. Consider rewriting code  [/home/sieber/Arquitecura/Arquitectura2018/TP_UART/TP_UART.srcs/sources_1/imports/UART/tx_interface.v:49]
WARNING: [Synth 8-5788] Register rd_aux_reg in module tx_interface is has both Set and reset with same priority. This may cause simulation mismatches. Consider rewriting code  [/home/sieber/Arquitecura/Arquitectura2018/TP_UART/TP_UART.srcs/sources_1/imports/UART/tx_interface.v:50]
WARNING: [Synth 8-5788] Register salida_reg in module tx_interface is has both Set and reset with same priority. This may cause simulation mismatches. Consider rewriting code  [/home/sieber/Arquitecura/Arquitectura2018/TP_UART/TP_UART.srcs/sources_1/imports/UART/tx_interface.v:54]
WARNING: [Synth 8-5788] Register tx_start_aux_reg in module tx_interface is has both Set and reset with same priority. This may cause simulation mismatches. Consider rewriting code  [/home/sieber/Arquitecura/Arquitectura2018/TP_UART/TP_UART.srcs/sources_1/imports/UART/tx_interface.v:55]
WARNING: [Synth 8-5788] Register zflag_reg in module tx_interface is has both Set and reset with same priority. This may cause simulation mismatches. Consider rewriting code  [/home/sieber/Arquitecura/Arquitectura2018/TP_UART/TP_UART.srcs/sources_1/imports/UART/tx_interface.v:67]
INFO: [Synth 8-6155] done synthesizing module 'tx_interface' (5#1) [/home/sieber/Arquitecura/Arquitectura2018/TP_UART/TP_UART.srcs/sources_1/imports/UART/tx_interface.v:3]
INFO: [Synth 8-6157] synthesizing module 'tx_module' [/home/sieber/Arquitecura/Arquitectura2018/TP_UART/TP_UART.srcs/sources_1/imports/UART/tx_module.v:2]
	Parameter DBIT bound to: 8 - type: integer 
	Parameter SB_TICK bound to: 16 - type: integer 
	Parameter idle bound to: 2'b00 
	Parameter start bound to: 2'b01 
	Parameter data bound to: 2'b10 
	Parameter stop bound to: 2'b11 
INFO: [Synth 8-6155] done synthesizing module 'tx_module' (6#1) [/home/sieber/Arquitecura/Arquitectura2018/TP_UART/TP_UART.srcs/sources_1/imports/UART/tx_module.v:2]
INFO: [Synth 8-6155] done synthesizing module 'Main' (7#1) [/home/sieber/Arquitecura/Arquitectura2018/TP_UART/TP_UART.srcs/sources_1/imports/UART/Main.v:8]
---------------------------------------------------------------------------------
Finished RTL Elaboration : Time (s): cpu = 00:00:02 ; elapsed = 00:00:03 . Memory (MB): peak = 1319.309 ; gain = 127.539 ; free physical = 5573 ; free virtual = 15629
---------------------------------------------------------------------------------

Report Check Netlist: 
+------+------------------+-------+---------+-------+------------------+
|      |Item              |Errors |Warnings |Status |Description       |
+------+------------------+-------+---------+-------+------------------+
|1     |multi_driven_nets |      0|        0|Passed |Multi driven nets |
+------+------------------+-------+---------+-------+------------------+
---------------------------------------------------------------------------------
Start Handling Custom Attributes
---------------------------------------------------------------------------------
---------------------------------------------------------------------------------
Finished Handling Custom Attributes : Time (s): cpu = 00:00:02 ; elapsed = 00:00:03 . Memory (MB): peak = 1319.309 ; gain = 127.539 ; free physical = 5567 ; free virtual = 15629
---------------------------------------------------------------------------------
---------------------------------------------------------------------------------
Finished RTL Optimization Phase 1 : Time (s): cpu = 00:00:02 ; elapsed = 00:00:03 . Memory (MB): peak = 1319.309 ; gain = 127.539 ; free physical = 5567 ; free virtual = 15629
---------------------------------------------------------------------------------
INFO: [Device 21-403] Loading part xc7a35tcpg236-1
INFO: [Project 1-570] Preparing netlist for logic optimization

Processing XDC Constraints
Initializing timing engine
Parsing XDC File [/home/sieber/Arquitecura/Arquitectura2018/TP_UART/TP_UART.srcs/constrs_1/imports/Arquitectura2018/basys3_constraint.xdc]
Finished Parsing XDC File [/home/sieber/Arquitecura/Arquitectura2018/TP_UART/TP_UART.srcs/constrs_1/imports/Arquitectura2018/basys3_constraint.xdc]
INFO: [Project 1-236] Implementation specific constraints were found while reading constraint file [/home/sieber/Arquitecura/Arquitectura2018/TP_UART/TP_UART.srcs/constrs_1/imports/Arquitectura2018/basys3_constraint.xdc]. These constraints will be ignored for synthesis but will be used in implementation. Impacted constraints are listed in the file [.Xil/Main_propImpl.xdc].
Resolution: To avoid this warning, move constraints listed in [.Xil/Main_propImpl.xdc] to another XDC file and exclude this new file from synthesis with the used_in_synthesis property (File Properties dialog in GUI) and re-run elaboration/synthesis.
Completed Processing XDC Constraints

INFO: [Project 1-111] Unisim Transformation Summary:
No Unisim elements were transformed.

Constraint Validation Runtime : Time (s): cpu = 00:00:00 ; elapsed = 00:00:00 . Memory (MB): peak = 1645.645 ; gain = 0.000 ; free physical = 5303 ; free virtual = 15358
---------------------------------------------------------------------------------
Finished Constraint Validation : Time (s): cpu = 00:00:10 ; elapsed = 00:00:20 . Memory (MB): peak = 1645.645 ; gain = 453.875 ; free physical = 5398 ; free virtual = 15453
---------------------------------------------------------------------------------
---------------------------------------------------------------------------------
Start Loading Part and Timing Information
---------------------------------------------------------------------------------
Loading part: xc7a35tcpg236-1
---------------------------------------------------------------------------------
Finished Loading Part and Timing Information : Time (s): cpu = 00:00:10 ; elapsed = 00:00:20 . Memory (MB): peak = 1645.645 ; gain = 453.875 ; free physical = 5398 ; free virtual = 15453
---------------------------------------------------------------------------------
---------------------------------------------------------------------------------
Start Applying 'set_property' XDC Constraints
---------------------------------------------------------------------------------
---------------------------------------------------------------------------------
Finished applying 'set_property' XDC Constraints : Time (s): cpu = 00:00:10 ; elapsed = 00:00:20 . Memory (MB): peak = 1645.645 ; gain = 453.875 ; free physical = 5398 ; free virtual = 15453
---------------------------------------------------------------------------------
INFO: [Synth 8-5546] ROM "tick" won't be mapped to RAM because it is too sparse
INFO: [Synth 8-802] inferred FSM for state register 'state_reg_reg' in module 'rx_module'
INFO: [Synth 8-5544] ROM "rx_done_tick" won't be mapped to Block RAM because address size (4) smaller than threshold (5)
INFO: [Synth 8-5544] ROM "state_next" won't be mapped to Block RAM because address size (3) smaller than threshold (5)
INFO: [Synth 8-5544] ROM "state_next" won't be mapped to Block RAM because address size (4) smaller than threshold (5)
INFO: [Synth 8-5544] ROM "s_next" won't be mapped to Block RAM because address size (4) smaller than threshold (5)
INFO: [Synth 8-5544] ROM "n_next" won't be mapped to Block RAM because address size (3) smaller than threshold (5)
INFO: [Synth 8-5546] ROM "state_reg" won't be mapped to RAM because it is too sparse
INFO: [Synth 8-5546] ROM "first_op" won't be mapped to RAM because it is too sparse
INFO: [Synth 8-5546] ROM "second_op" won't be mapped to RAM because it is too sparse
INFO: [Synth 8-5546] ROM "op" won't be mapped to RAM because it is too sparse
INFO: [Synth 8-5546] ROM "op" won't be mapped to RAM because it is too sparse
INFO: [Synth 8-5818] HDL ADVISOR - The operator resource <adder> is shared. To prevent sharing consider applying a KEEP on the output of the operator [/home/sieber/Arquitecura/Arquitectura2018/TP_UART/TP_UART.srcs/sources_1/imports/UART/ALU.v:15]
INFO: [Synth 8-5546] ROM "state_reg" won't be mapped to RAM because it is too sparse
INFO: [Synth 8-5546] ROM "state_reg" won't be mapped to RAM because it is too sparse
INFO: [Synth 8-5546] ROM "state_reg" won't be mapped to RAM because it is too sparse
INFO: [Synth 8-5546] ROM "salida" won't be mapped to RAM because it is too sparse
INFO: [Synth 8-5546] ROM "aux" won't be mapped to RAM because it is too sparse
INFO: [Synth 8-5546] ROM "rd_aux" won't be mapped to RAM because it is too sparse
INFO: [Synth 8-5546] ROM "rd_aux" won't be mapped to RAM because it is too sparse
INFO: [Synth 8-5546] ROM "salida" won't be mapped to RAM because it is too sparse
INFO: [Synth 8-5546] ROM "tx_start_aux" won't be mapped to RAM because it is too sparse
INFO: [Synth 8-5546] ROM "zflag" won't be mapped to RAM because it is too sparse
INFO: [Synth 8-802] inferred FSM for state register 'state_reg_reg' in module 'tx_module'
INFO: [Synth 8-5544] ROM "tx_done_tick" won't be mapped to Block RAM because address size (4) smaller than threshold (5)
INFO: [Synth 8-5544] ROM "state_next" won't be mapped to Block RAM because address size (3) smaller than threshold (5)
INFO: [Synth 8-5544] ROM "s_next" won't be mapped to Block RAM because address size (4) smaller than threshold (5)
INFO: [Synth 8-5544] ROM "n_next" won't be mapped to Block RAM because address size (3) smaller than threshold (5)
---------------------------------------------------------------------------------------------------
                   State |                     New Encoding |                Previous Encoding 
---------------------------------------------------------------------------------------------------
                    idle |                               00 |                               00
                   start |                               01 |                               01
                    data |                               10 |                               10
                    stop |                               11 |                               11
---------------------------------------------------------------------------------------------------
INFO: [Synth 8-3354] encoded FSM with state register 'state_reg_reg' using encoding 'sequential' in module 'rx_module'
---------------------------------------------------------------------------------------------------
                   State |                     New Encoding |                Previous Encoding 
---------------------------------------------------------------------------------------------------
                    idle |                               00 |                               00
                   start |                               01 |                               01
                    data |                               10 |                               10
                    stop |                               11 |                               11
---------------------------------------------------------------------------------------------------
INFO: [Synth 8-3354] encoded FSM with state register 'state_reg_reg' using encoding 'sequential' in module 'tx_module'
---------------------------------------------------------------------------------
Finished RTL Optimization Phase 2 : Time (s): cpu = 00:00:10 ; elapsed = 00:00:21 . Memory (MB): peak = 1645.645 ; gain = 453.875 ; free physical = 5388 ; free virtual = 15443
---------------------------------------------------------------------------------

Report RTL Partitions: 
+-+--------------+------------+----------+
| |RTL Partition |Replication |Instances |
+-+--------------+------------+----------+
+-+--------------+------------+----------+
---------------------------------------------------------------------------------
Start RTL Component Statistics 
---------------------------------------------------------------------------------
Detailed RTL Component Info : 
+---Adders : 
	   2 Input      8 Bit       Adders := 5     
	   3 Input      8 Bit       Adders := 1     
	   2 Input      7 Bit       Adders := 1     
	   2 Input      4 Bit       Adders := 2     
	   2 Input      3 Bit       Adders := 2     
+---XORs : 
	   2 Input      8 Bit         XORs := 1     
+---Registers : 
	                8 Bit    Registers := 8     
	                7 Bit    Registers := 3     
	                6 Bit    Registers := 2     
	                4 Bit    Registers := 2     
	                3 Bit    Registers := 3     
	                2 Bit    Registers := 1     
	                1 Bit    Registers := 6     
+---Muxes : 
	   2 Input      8 Bit        Muxes := 4     
	   5 Input      8 Bit        Muxes := 1     
	   4 Input      8 Bit        Muxes := 3     
	   7 Input      8 Bit        Muxes := 2     
	   5 Input      7 Bit        Muxes := 2     
	   4 Input      7 Bit        Muxes := 1     
	   2 Input      7 Bit        Muxes := 2     
	   7 Input      7 Bit        Muxes := 1     
	   5 Input      6 Bit        Muxes := 1     
	   4 Input      6 Bit        Muxes := 1     
	   2 Input      6 Bit        Muxes := 1     
	  12 Input      6 Bit        Muxes := 1     
	   2 Input      4 Bit        Muxes := 4     
	   4 Input      4 Bit        Muxes := 2     
	   4 Input      3 Bit        Muxes := 2     
	   3 Input      3 Bit        Muxes := 2     
	   2 Input      3 Bit        Muxes := 1     
	   4 Input      2 Bit        Muxes := 2     
	   2 Input      2 Bit        Muxes := 3     
	  10 Input      2 Bit        Muxes := 1     
	   3 Input      2 Bit        Muxes := 2     
	   2 Input      1 Bit        Muxes := 10    
	   3 Input      1 Bit        Muxes := 4     
	   4 Input      1 Bit        Muxes := 15    
	   8 Input      1 Bit        Muxes := 4     
	   5 Input      1 Bit        Muxes := 1     
	   7 Input      1 Bit        Muxes := 9     
	   9 Input      1 Bit        Muxes := 1     
---------------------------------------------------------------------------------
Finished RTL Component Statistics 
---------------------------------------------------------------------------------
---------------------------------------------------------------------------------
Start RTL Hierarchical Component Statistics 
---------------------------------------------------------------------------------
Hierarchical RTL Component report 
Module br_generator 
Detailed RTL Component Info : 
+---Adders : 
	   2 Input      8 Bit       Adders := 1     
+---Registers : 
	                8 Bit    Registers := 1     
	                1 Bit    Registers := 1     
+---Muxes : 
	   2 Input      8 Bit        Muxes := 1     
	   2 Input      1 Bit        Muxes := 1     
Module rx_module 
Detailed RTL Component Info : 
+---Adders : 
	   2 Input      4 Bit       Adders := 1     
	   2 Input      3 Bit       Adders := 1     
+---Registers : 
	                8 Bit    Registers := 1     
	                4 Bit    Registers := 1     
	                3 Bit    Registers := 1     
+---Muxes : 
	   2 Input      4 Bit        Muxes := 2     
	   4 Input      4 Bit        Muxes := 1     
	   4 Input      3 Bit        Muxes := 1     
	   4 Input      2 Bit        Muxes := 1     
	   2 Input      2 Bit        Muxes := 1     
	   2 Input      1 Bit        Muxes := 3     
	   3 Input      1 Bit        Muxes := 2     
	   4 Input      1 Bit        Muxes := 5     
Module rx_interface 
Detailed RTL Component Info : 
+---Adders : 
	   2 Input      8 Bit       Adders := 2     
+---Registers : 
	                8 Bit    Registers := 3     
	                7 Bit    Registers := 1     
	                6 Bit    Registers := 2     
	                2 Bit    Registers := 1     
	                1 Bit    Registers := 1     
+---Muxes : 
	   5 Input      8 Bit        Muxes := 1     
	   4 Input      8 Bit        Muxes := 2     
	   2 Input      8 Bit        Muxes := 1     
	   5 Input      7 Bit        Muxes := 1     
	   4 Input      7 Bit        Muxes := 1     
	   2 Input      7 Bit        Muxes := 1     
	   5 Input      6 Bit        Muxes := 1     
	   4 Input      6 Bit        Muxes := 1     
	   2 Input      6 Bit        Muxes := 1     
	  12 Input      6 Bit        Muxes := 1     
	  10 Input      2 Bit        Muxes := 1     
	   4 Input      1 Bit        Muxes := 4     
	   8 Input      1 Bit        Muxes := 3     
	   2 Input      1 Bit        Muxes := 1     
	   5 Input      1 Bit        Muxes := 1     
Module ALU 
Detailed RTL Component Info : 
+---Adders : 
	   3 Input      8 Bit       Adders := 1     
+---XORs : 
	   2 Input      8 Bit         XORs := 1     
Module tx_interface 
Detailed RTL Component Info : 
+---Adders : 
	   2 Input      8 Bit       Adders := 2     
	   2 Input      7 Bit       Adders := 1     
+---Registers : 
	                8 Bit    Registers := 2     
	                7 Bit    Registers := 2     
	                3 Bit    Registers := 1     
	                1 Bit    Registers := 3     
+---Muxes : 
	   2 Input      8 Bit        Muxes := 2     
	   7 Input      8 Bit        Muxes := 2     
	   7 Input      7 Bit        Muxes := 1     
	   2 Input      7 Bit        Muxes := 1     
	   5 Input      7 Bit        Muxes := 1     
	   2 Input      4 Bit        Muxes := 1     
	   3 Input      3 Bit        Muxes := 2     
	   2 Input      3 Bit        Muxes := 1     
	   2 Input      2 Bit        Muxes := 1     
	   3 Input      2 Bit        Muxes := 2     
	   7 Input      1 Bit        Muxes := 9     
	   2 Input      1 Bit        Muxes := 3     
	   8 Input      1 Bit        Muxes := 1     
	   9 Input      1 Bit        Muxes := 1     
Module tx_module 
Detailed RTL Component Info : 
+---Adders : 
	   2 Input      4 Bit       Adders := 1     
	   2 Input      3 Bit       Adders := 1     
+---Registers : 
	                8 Bit    Registers := 1     
	                4 Bit    Registers := 1     
	                3 Bit    Registers := 1     
	                1 Bit    Registers := 1     
+---Muxes : 
	   4 Input      8 Bit        Muxes := 1     
	   2 Input      4 Bit        Muxes := 1     
	   4 Input      4 Bit        Muxes := 1     
	   4 Input      3 Bit        Muxes := 1     
	   4 Input      2 Bit        Muxes := 1     
	   2 Input      2 Bit        Muxes := 1     
	   2 Input      1 Bit        Muxes := 2     
	   3 Input      1 Bit        Muxes := 2     
	   4 Input      1 Bit        Muxes := 6     
---------------------------------------------------------------------------------
Finished RTL Hierarchical Component Statistics
---------------------------------------------------------------------------------
---------------------------------------------------------------------------------
Start Part Resource Summary
---------------------------------------------------------------------------------
Part Resources:
DSPs: 90 (col length:60)
BRAMs: 100 (col length: RAMB18 60 RAMB36 30)
---------------------------------------------------------------------------------
Finished Part Resource Summary
---------------------------------------------------------------------------------
---------------------------------------------------------------------------------
Start Cross Boundary and Area Optimization
---------------------------------------------------------------------------------
Warning: Parallel synthesis criteria is not met 
INFO: [Synth 8-5546] ROM "br_g/tick" won't be mapped to RAM because it is too sparse
INFO: [Synth 8-5546] ROM "int_tx/rd_aux" won't be mapped to RAM because it is too sparse
INFO: [Synth 8-5546] ROM "int_tx/aux" won't be mapped to RAM because it is too sparse
INFO: [Synth 8-5546] ROM "int_tx/rd_aux" won't be mapped to RAM because it is too sparse
INFO: [Synth 8-5546] ROM "int_tx/salida" won't be mapped to RAM because it is too sparse
INFO: [Synth 8-3886] merging instance 'int_rx/op_reg[3]' (FDCE) to 'int_rx/op_reg[4]'
INFO: [Synth 8-3886] merging instance 'int_tx/div_reg[5]' (FDE) to 'int_tx/div_reg[6]'
INFO: [Synth 8-3333] propagating constant 0 across sequential element (\int_tx/div_reg[4] )
WARNING: [Synth 8-3332] Sequential element (int_tx/div_reg[4]) is unused and will be removed from module Main.
INFO: [Synth 8-3886] merging instance 'int_tx/div_reg[2]' (FDE) to 'int_tx/div_reg[6]'
---------------------------------------------------------------------------------
Finished Cross Boundary and Area Optimization : Time (s): cpu = 00:00:12 ; elapsed = 00:00:22 . Memory (MB): peak = 1645.645 ; gain = 453.875 ; free physical = 5366 ; free virtual = 15424
---------------------------------------------------------------------------------

Report RTL Partitions: 
+-+--------------+------------+----------+
| |RTL Partition |Replication |Instances |
+-+--------------+------------+----------+
+-+--------------+------------+----------+
---------------------------------------------------------------------------------
Start Applying XDC Timing Constraints
---------------------------------------------------------------------------------
---------------------------------------------------------------------------------
Finished Applying XDC Timing Constraints : Time (s): cpu = 00:00:17 ; elapsed = 00:00:30 . Memory (MB): peak = 1645.645 ; gain = 453.875 ; free physical = 5256 ; free virtual = 15315
---------------------------------------------------------------------------------
---------------------------------------------------------------------------------
Start Timing Optimization
---------------------------------------------------------------------------------
INFO: [Synth 8-3886] merging instance 'int_tx/div_reg[3]' (FDE) to 'int_tx/div_reg[1]'
---------------------------------------------------------------------------------
Finished Timing Optimization : Time (s): cpu = 00:00:18 ; elapsed = 00:00:31 . Memory (MB): peak = 1646.645 ; gain = 454.875 ; free physical = 5244 ; free virtual = 15302
---------------------------------------------------------------------------------

Report RTL Partitions: 
+-+--------------+------------+----------+
| |RTL Partition |Replication |Instances |
+-+--------------+------------+----------+
+-+--------------+------------+----------+
---------------------------------------------------------------------------------
Start Technology Mapping
---------------------------------------------------------------------------------
---------------------------------------------------------------------------------
Finished Technology Mapping : Time (s): cpu = 00:00:18 ; elapsed = 00:00:31 . Memory (MB): peak = 1654.652 ; gain = 462.883 ; free physical = 5243 ; free virtual = 15301
---------------------------------------------------------------------------------

Report RTL Partitions: 
+-+--------------+------------+----------+
| |RTL Partition |Replication |Instances |
+-+--------------+------------+----------+
+-+--------------+------------+----------+
---------------------------------------------------------------------------------
Start IO Insertion
---------------------------------------------------------------------------------
---------------------------------------------------------------------------------
Start Flattening Before IO Insertion
---------------------------------------------------------------------------------
---------------------------------------------------------------------------------
Finished Flattening Before IO Insertion
---------------------------------------------------------------------------------
---------------------------------------------------------------------------------
Start Final Netlist Cleanup
---------------------------------------------------------------------------------
---------------------------------------------------------------------------------
Finished Final Netlist Cleanup
---------------------------------------------------------------------------------
---------------------------------------------------------------------------------
Finished IO Insertion : Time (s): cpu = 00:00:19 ; elapsed = 00:00:31 . Memory (MB): peak = 1654.652 ; gain = 462.883 ; free physical = 5243 ; free virtual = 15301
---------------------------------------------------------------------------------

Report Check Netlist: 
+------+------------------+-------+---------+-------+------------------+
|      |Item              |Errors |Warnings |Status |Description       |
+------+------------------+-------+---------+-------+------------------+
|1     |multi_driven_nets |      0|        0|Passed |Multi driven nets |
+------+------------------+-------+---------+-------+------------------+
---------------------------------------------------------------------------------
Start Renaming Generated Instances
---------------------------------------------------------------------------------
---------------------------------------------------------------------------------
Finished Renaming Generated Instances : Time (s): cpu = 00:00:19 ; elapsed = 00:00:31 . Memory (MB): peak = 1654.652 ; gain = 462.883 ; free physical = 5243 ; free virtual = 15301
---------------------------------------------------------------------------------

Report RTL Partitions: 
+-+--------------+------------+----------+
| |RTL Partition |Replication |Instances |
+-+--------------+------------+----------+
+-+--------------+------------+----------+
---------------------------------------------------------------------------------
Start Rebuilding User Hierarchy
---------------------------------------------------------------------------------
---------------------------------------------------------------------------------
Finished Rebuilding User Hierarchy : Time (s): cpu = 00:00:19 ; elapsed = 00:00:31 . Memory (MB): peak = 1654.652 ; gain = 462.883 ; free physical = 5243 ; free virtual = 15301
---------------------------------------------------------------------------------
---------------------------------------------------------------------------------
Start Renaming Generated Ports
---------------------------------------------------------------------------------
---------------------------------------------------------------------------------
Finished Renaming Generated Ports : Time (s): cpu = 00:00:19 ; elapsed = 00:00:31 . Memory (MB): peak = 1654.652 ; gain = 462.883 ; free physical = 5243 ; free virtual = 15301
---------------------------------------------------------------------------------
---------------------------------------------------------------------------------
Start Handling Custom Attributes
---------------------------------------------------------------------------------
---------------------------------------------------------------------------------
Finished Handling Custom Attributes : Time (s): cpu = 00:00:19 ; elapsed = 00:00:31 . Memory (MB): peak = 1654.652 ; gain = 462.883 ; free physical = 5243 ; free virtual = 15301
---------------------------------------------------------------------------------
---------------------------------------------------------------------------------
Start Renaming Generated Nets
---------------------------------------------------------------------------------
---------------------------------------------------------------------------------
Finished Renaming Generated Nets : Time (s): cpu = 00:00:19 ; elapsed = 00:00:31 . Memory (MB): peak = 1654.652 ; gain = 462.883 ; free physical = 5243 ; free virtual = 15301
---------------------------------------------------------------------------------
---------------------------------------------------------------------------------
Start Writing Synthesis Report
---------------------------------------------------------------------------------

Report BlackBoxes: 
+-+--------------+----------+
| |BlackBox name |Instances |
+-+--------------+----------+
+-+--------------+----------+

Report Cell Usage: 
+------+-------+------+
|      |Cell   |Count |
+------+-------+------+
|1     |BUFG   |     1|
|2     |CARRY4 |    55|
|3     |LUT1   |    33|
|4     |LUT2   |    76|
|5     |LUT3   |   145|
|6     |LUT4   |    44|
|7     |LUT5   |    51|
|8     |LUT6   |   104|
|9     |MUXF7  |     4|
|10    |FDCE   |    81|
|11    |FDPE   |     9|
|12    |FDRE   |    31|
|13    |IBUF   |     3|
|14    |OBUF   |     1|
+------+-------+------+

Report Instance Areas: 
+------+---------+-------------+------+
|      |Instance |Module       |Cells |
+------+---------+-------------+------+
|1     |top      |             |   638|
|2     |  alu    |ALU          |     2|
|3     |  br_g   |br_generator |    21|
|4     |  int_rx |rx_interface |   183|
|5     |  int_tx |tx_interface |   327|
|6     |  rx_mod |rx_module    |    51|
|7     |  tx_mod |tx_module    |    45|
+------+---------+-------------+------+
---------------------------------------------------------------------------------
Finished Writing Synthesis Report : Time (s): cpu = 00:00:19 ; elapsed = 00:00:31 . Memory (MB): peak = 1654.652 ; gain = 462.883 ; free physical = 5243 ; free virtual = 15301
---------------------------------------------------------------------------------
Synthesis finished with 0 errors, 0 critical warnings and 1 warnings.
Synthesis Optimization Runtime : Time (s): cpu = 00:00:13 ; elapsed = 00:00:17 . Memory (MB): peak = 1654.652 ; gain = 136.547 ; free physical = 5299 ; free virtual = 15357
Synthesis Optimization Complete : Time (s): cpu = 00:00:19 ; elapsed = 00:00:32 . Memory (MB): peak = 1654.660 ; gain = 462.883 ; free physical = 5299 ; free virtual = 15357
INFO: [Project 1-571] Translating synthesized netlist
INFO: [Netlist 29-17] Analyzing 62 Unisim elements for replacement
INFO: [Netlist 29-28] Unisim Transformation completed in 0 CPU seconds
INFO: [Project 1-570] Preparing netlist for logic optimization
INFO: [Opt 31-138] Pushed 0 inverter(s) to 0 load pin(s).
INFO: [Project 1-111] Unisim Transformation Summary:
No Unisim elements were transformed.

INFO: [Common 17-83] Releasing license: Synthesis
68 Infos, 8 Warnings, 0 Critical Warnings and 0 Errors encountered.
synth_design completed successfully
synth_design: Time (s): cpu = 00:00:20 ; elapsed = 00:00:32 . Memory (MB): peak = 1654.660 ; gain = 462.977 ; free physical = 5301 ; free virtual = 15359
WARNING: [Constraints 18-5210] No constraint will be written out.
INFO: [Common 17-1381] The checkpoint '/home/sieber/Arquitecura/Arquitectura2018/TP_UART/TP_UART.runs/synth_1/Main.dcp' has been generated.
INFO: [runtcl-4] Executing : report_utilization -file Main_utilization_synth.rpt -pb Main_utilization_synth.pb
report_utilization: Time (s): cpu = 00:00:00.05 ; elapsed = 00:00:00.08 . Memory (MB): peak = 1678.664 ; gain = 0.000 ; free physical = 5303 ; free virtual = 15361
INFO: [Common 17-206] Exiting Vivado at Tue Feb 26 21:49:55 2019...
